make.exe all --print-data-base --no-builtin-variables --no-builtin-rules --question
makefile:9: /make/project.mk: No such file or directory
make.exe: *** No rule to make target '/make/project.mk'.  Stop.

# GNU Make 4.2
This program is built by Equation Solution <http://www.Equation.com>.
# Copyright (C) 1988-2016 Free Software Foundation, Inc.
# License GPLv3+: GNU GPL version 3 or later <http://gnu.org/licenses/gpl.html>
# This is free software: you are free to change and redistribute it.
# There is NO WARRANTY, to the extent permitted by law.

# Make data base, printed on Sat Aug 13 23:09:58 2022

# Variables

# 'override' directive
GNUMAKEFLAGS := 
# automatic
<D = $(patsubst %/,%,$(patsubst %\,%,$(dir $<)))
# automatic
?F = $(notdir $?)
# default
.SHELLFLAGS := -c
# makefile
MAKEFLAGS = prR
# automatic
?D = $(patsubst %/,%,$(patsubst %\,%,$(dir $?)))
# automatic
@D = $(patsubst %/,%,$(patsubst %\,%,$(dir $@)))
# environment
HOMEDRIVE = C:
# automatic
@F = $(notdir $@)
# automatic
^D = $(patsubst %/,%,$(patsubst %\,%,$(dir $^)))
# makefile
CURDIR := e:/esp32_mqtt_led_3/tcp
# default
SHELL := sh.exe
# environment
WINDIR = C:\Windows
# environment
VSCODE_NLS_CONFIG = {"locale":"ru","availableLanguages":{"*":"ru"},"_languagePackId":"bb5033a0de544313f5d945d2959de1f0.ru","_translationsConfigFile":"C:\\Users\\Dim Felmar\\AppData\\Roaming\\Code\\clp\\bb5033a0de544313f5d945d2959de1f0.ru\\tcf.json","_cacheRoot":"C:\\Users\\Dim Felmar\\AppData\\Roaming\\Code\\clp\\bb5033a0de544313f5d945d2959de1f0.ru","_resolvedLanguagePackCoreLocation":"C:\\Users\\Dim Felmar\\AppData\\Roaming\\Code\\clp\\bb5033a0de544313f5d945d2959de1f0.ru\\6d9b74a70ca9c7733b29f0456fd8195364076dda","_corruptedFile":"C:\\Users\\Dim Felmar\\AppData\\Roaming\\Code\\clp\\bb5033a0de544313f5d945d2959de1f0.ru\\corrupted.info","_languagePackSupport":true}
# environment
VBOX_MSI_INSTALL_PATH = C:\Program Files\Oracle\VirtualBox\
# environment
ONEDRIVE = C:\Users\Dim Felmar\OneDrive
# environment
QSYS_ROOTDIR = C:\intelFPGA_lite\18.1\quartus\sopc_builder\bin
# environment
MOSQUITTO_DIR = C:\Program Files (x86)\mosquitto
# environment
PATHEXT = .COM;.EXE;.BAT;.CMD;.VBS;.VBE;.JS;.JSE;.WSF;.WSH;.MSC
# makefile (from 'makefile', line 1)
MAKEFILE_LIST :=  Makefile
# environment
FPS_BROWSER_USER_PROFILE_STRING = Default
# environment
TMP = C:\Users\DIMFEL~1\AppData\Local\Temp
# environment
PROGRAMW6432 = C:\Program Files
# environment
PROGRAMDATA = C:\ProgramData
# environment
VSCODE_CWD = C:\Users\Dim Felmar\AppData\Local\Programs\Microsoft VS Code
# default
MAKE_HOST := x86_64-w64-mingw32
# environment
PATH = C:\Program Files (x86)\Common Files\Oracle\Java\javapath;C:\Users\Dim Felmar\gcc\bin;C:\Users\Dim Felmar\gcc\libexec\gcc\x86_64-w64-mingw32\9.2.0;C:\Program Files (x86)\STMicroelectronics\st_toolset\asm;C:\Windows\system32;C:\Windows;C:\Windows\System32\Wbem;C:\Windows\System32\WindowsPowerShell\v1.0\;C:\Windows\System32\OpenSSH\;C:\Program Files (x86)\NVIDIA Corporation\PhysX\Common;C:\Program Files (x86)\STMicroelectronics\STM32 ST-LINK Utility\ST-LINK Utility;C:\Program Files\dotnet\;C:\Program Files\Git\cmd;C:\Program Files\Docker\Docker\resources\bin;C:\ProgramData\DockerDesktop\version-bin;C:\Program Files (x86)\Common Files\Acronis\VirtualFile\;C:\Program Files (x86)\Common Files\Acronis\VirtualFile64\;C:\Program Files (x86)\Common Files\Acronis\FileProtector\;C:\Program Files (x86)\Common Files\Acronis\FileProtector64\;C:\Program Files (x86)\Common Files\Acronis\SnapAPI\;C:\Program Files (x86)\STMicroelectronics\st_toolset\asm;C:\Windows\system32;C:\Windows;C:\Windows\System32\Wbem;C:\Windows\System32\WindowsPowerShell\v1.0\;C:\Windows\System32\OpenSSH\;C:\Program Files\NVIDIA Corporation\NVIDIA NvDLISR;C:\Program Files (x86)\NVIDIA Corporation\PhysX\Common;C:\Users\Dim Felmar\AppData\Local\Programs\Python\Python38-32\Scripts\;C:\Users\Dim Felmar\AppData\Local\Programs\Python\Python38-32\;C:\Users\Dim Felmar\AppData\Local\Microsoft\WindowsApps;C:\Users\Dim Felmar\AppData\Local\Programs\Microsoft VS Code\bin;C:\Program Files (x86)\COSMIC\CXSTM8_EVAL;C:\Users\Dim Felmar\.dotnet\tools;C:\Program Files\JetBrains\JetBrains Rider 2020.1.3\bin;;C:\Program Files\Bandizip\
# environment
COMMONPROGRAMW6432 = C:\Program Files\Common Files
# environment
PROCESSOR_ARCHITECTURE = AMD64
# environment
USERPROFILE = C:\Users\Dim Felmar
# environment
ALLUSERSPROFILE = C:\ProgramData
# environment
SOPC_KIT_NIOS2 = C:\intelFPGA_lite\18.1\nios2eds
# environment
MOSQUITTO = C:\Program Files (x86)\mosquitto
# environment
NUMBER_OF_PROCESSORS = 8
# environment
ELECTRON_RUN_AS_NODE = 1
# default
.FEATURES := target-specific order-only second-expansion else-if shortest-stem undefine oneshell archives jobserver output-sync load
# automatic
%F = $(notdir $%)
# environment
CHROME_CRASHPAD_PIPE_NAME = \\.\pipe\crashpad_4460_MOBYKIDYENZEKWTZ
# environment
COMPUTERNAME = DESKTOP-G5N9IK7
# environment
EQ_LIBRARY_PATH = C:\Users\Dim Felmar\gcc\x86_64-w64-mingw32\lib
# environment
PROGRAMFILES = C:\Program Files
# default
.LOADED := 
# environment
DRIVERDATA = C:\Windows\System32\Drivers\DriverData
# environment
ORIGINAL_XDG_CURRENT_DESKTOP = undefined
# environment
USERNAME = Dim Felmar
# environment
PUBLIC = C:\Users\Public
# environment
VSCODE_AMD_ENTRYPOINT = vs/workbench/api/node/extensionHostProcess
# environment
JETBRAINS RIDER = C:\Program Files\JetBrains\JetBrains Rider 2020.1.3\bin;
# environment
VSCODE_CODE_CACHE_PATH = C:\Users\Dim Felmar\AppData\Roaming\Code\CachedData\6d9b74a70ca9c7733b29f0456fd8195364076dda
# environment
APPLICATION_INSIGHTS_NO_DIAGNOSTIC_CHANNEL = 1
# environment
COMMONPROGRAMFILES = C:\Program Files\Common Files
# environment
LOGONSERVER = \\DESKTOP-G5N9IK7
# environment
VSCODE_HANDLES_UNCAUGHT_ERRORS = true
# environment
USERDOMAIN = DESKTOP-G5N9IK7
# environment
MAKELEVEL := 0
# default
MAKE = $(MAKE_COMMAND)
# default
MAKECMDGOALS := all
# default
MAKE_VERSION := 4.2
# makefile
.DEFAULT_GOAL := 
# environment
PROGRAMFILES(X86) = C:\Program Files (x86)
# automatic
%D = $(patsubst %/,%,$(patsubst %\,%,$(dir $%)))
# environment
LOCALAPPDATA = C:\Users\Dim Felmar\AppData\Local
# environment
PSMODULEPATH = C:\Program Files\WindowsPowerShell\Modules;C:\Windows\system32\WindowsPowerShell\v1.0\Modules
# default
MAKE_COMMAND := make.exe
# default
.VARIABLES := 
# automatic
*F = $(notdir $*)
# environment
PROCESSOR_IDENTIFIER = Intel64 Family 6 Model 94 Stepping 3, GenuineIntel
# environment
OS = Windows_NT
# environment
VSCODE_IPC_HOOK = \\.\pipe\69a161475eddb83d3896b59e9ef1b7bb-1.70.1-main-sock
# environment
HOMEPATH = \Users\Dim Felmar
# environment
COMMONPROGRAMFILES(X86) = C:\Program Files (x86)\Common Files
# environment
PROMPT = $P$G
# environment
MFLAGS = -prR
# automatic
*D = $(patsubst %/,%,$(patsubst %\,%,$(dir $*)))
# environment
SYSTEMROOT = C:\Windows
# automatic
+D = $(patsubst %/,%,$(patsubst %\,%,$(dir $+)))
# automatic
+F = $(notdir $+)
# environment
APPDATA = C:\Users\Dim Felmar\AppData\Roaming
# environment
TEMP = C:\Users\DIMFEL~1\AppData\Local\Temp
# environment
COMSPEC = C:\Windows\system32\cmd.exe
# default
MAKEFILES := 
# environment
IDF_TOOLS_PATH = C:\Espressif
# environment
QUARTUS_ROOTDIR = C:\intelFPGA_lite\18.1\quartus
# automatic
<F = $(notdir $<)
# makefile (from 'makefile', line 5)
PROJECT_NAME := mqtt_led_3
# environment
LC_ALL = C
# automatic
^F = $(notdir $^)
# default
SUFFIXES := 
# environment
SYSTEMDRIVE = C:
# environment
SESSIONNAME = Console
# environment
PROCESSOR_REVISION = 5e03
# environment
MOZ_PLUGIN_PATH = C:\Program Files (x86)\Foxit Software\Foxit Reader\plugins\
# default
.RECIPEPREFIX := 
# environment
LANG = C
# environment
PROCESSOR_LEVEL = 6
# environment
FPS_BROWSER_APP_PROFILE_STRING = Internet Explorer
# environment
VSCODE_PID = 4460
# environment
USERDOMAIN_ROAMINGPROFILE = DESKTOP-G5N9IK7
# variable set hash-table stats:
# Load=98/1024=10%, Rehash=0, Collisions=15/117=13%

# Pattern-specific Variable Values

# No pattern-specific variable values.

# Directories

# . (key e:/esp32_mqtt_led_3/tcp, mtime 1660421131ll): 16 files, no impossibilities.

# 16 files, no impossibilities in 1 directories.

# Implicit Rules

# No implicit rules.

# Files

# Not a target:
all:
#  Command line target.
#  Implicit rule search has not been done.
#  Modification time never checked.
#  File has not been updated.

# Not a target:
.DEFAULT:
#  Implicit rule search has not been done.
#  Modification time never checked.
#  File has not been updated.

# Not a target:
Makefile:
#  Implicit rule search has not been done.
#  Last modified 2022-08-13 23:09:31
#  File has not been updated.

# Not a target:
/make/project.mk:
#  Implicit rule search has been done.
#  File does not exist.
#  File has not been updated.

# files hash-table stats:
# Load=5/1024=0%, Rehash=0, Collisions=0/16=0%
# VPATH Search Paths

# No 'vpath' search paths.

# No general ('VPATH' variable) search path.

# strcache buffers: 1 (0) / strings = 20 / storage = 206 B / avg = 10 B
# current buf: size = 8162 B / used = 206 B / count = 20 / avg = 10 B

# strcache performance: lookups = 24 / hit rate = 16%
# hash-table stats:
# Load=20/8192=0%, Rehash=0, Collisions=1/24=4%
# Finished Make data base on Sat Aug 13 23:09:58 2022

 
